#
# There is insufficient memory for the Java Runtime Environment to continue.
# Native memory allocation (malloc) failed to allocate 341280 bytes for Chunk::new
# Possible reasons:
#   The system is out of physical RAM or swap space
#   The process is running with CompressedOops enabled, and the Java Heap may be blocking the growth of the native heap
# Possible solutions:
#   Reduce memory load on the system
#   Increase physical memory or swap space
#   Check if swap backing store is full
#   Decrease Java heap size (-Xmx/-Xms)
#   Decrease number of Java threads
#   Decrease Java thread stack sizes (-Xss)
#   Set larger code cache with -XX:ReservedCodeCacheSize=
#   JVM is running with Unscaled Compressed Oops mode in which the Java heap is
#     placed in the first 4GB address space. The Java Heap base address is the
#     maximum limit for the native heap growth. Please use -XX:HeapBaseMinAddress
#     to set the Java Heap base and to place the Java Heap above 4GB virtual address.
# This output file may be truncated or incomplete.
#
#  Out of Memory Error (arena.cpp:189), pid=11672, tid=20276
#
# JRE version: OpenJDK Runtime Environment Temurin-17.0.4.1+1 (17.0.4.1+1) (build 17.0.4.1+1)
# Java VM: OpenJDK 64-Bit Server VM Temurin-17.0.4.1+1 (17.0.4.1+1, mixed mode, tiered, compressed oops, compressed class ptrs, g1 gc, windows-amd64)
# No core dump will be written. Minidumps are not enabled by default on client versions of Windows
#

---------------  S U M M A R Y ------------

Command Line: -Dfile.encoding=UTF-8 -XX:+ShowCodeDetailsInExceptionMessages test.StoredProsisur

Host: Intel(R) Core(TM) i5-7200U CPU @ 2.50GHz, 4 cores, 7G,  Windows 10 , 64 bit Build 19041 (10.0.19041.2364)
Time: Sun Mar 12 17:31:06 2023 India Standard Time elapsed time: 1.687851 seconds (0d 0h 0m 1s)

---------------  T H R E A D  ---------------

Current thread (0x000001f859824e60):  JavaThread "C2 CompilerThread0" daemon [_thread_in_native, id=20276, stack(0x00000009f6100000,0x00000009f6200000)]


Current CompileTask:
C2:   1687  603 %     4       java.util.Properties$LineReader::readLine @ 224 (584 bytes)

Stack: [0x00000009f6100000,0x00000009f6200000]
Native frames: (J=compiled Java code, j=interpreted, Vv=VM code, C=native code)
V  [jvm.dll+0x67731a]
V  [jvm.dll+0x832284]
V  [jvm.dll+0x833a2e]
V  [jvm.dll+0x834093]
V  [jvm.dll+0x245775]
V  [jvm.dll+0xabd7b]
V  [jvm.dll+0xac30c]
V  [jvm.dll+0x363a97]
V  [jvm.dll+0x32e011]
V  [jvm.dll+0x32d4ba]
V  [jvm.dll+0x218681]
V  [jvm.dll+0x217aa1]
V  [jvm.dll+0x1a3f8d]
V  [jvm.dll+0x227498]
V  [jvm.dll+0x2255e5]
V  [jvm.dll+0x7e7e9b]
V  [jvm.dll+0x7e240a]
V  [jvm.dll+0x6761a5]
C  [ucrtbase.dll+0x21bb2]
C  [KERNEL32.DLL+0x17614]
C  [ntdll.dll+0x526a1]


---------------  P R O C E S S  ---------------

Threads class SMR info:
_java_thread_list=0x000001f859a5cb80, length=13, elements={
0x000001f83f5ccbd0, 0x000001f858c87fa0, 0x000001f858cd66b0, 0x000001f85981e470,
0x000001f8598130c0, 0x000001f859814120, 0x000001f859818680, 0x000001f859824e60,
0x000001f859826f10, 0x000001f85983a780, 0x000001f85998ac80, 0x000001f8599a8020,
0x000001f8599acc80
}

Java Threads: ( => current thread )
  0x000001f83f5ccbd0 JavaThread "main" [_thread_in_vm, id=20196, stack(0x00000009f5400000,0x00000009f5500000)]
  0x000001f858c87fa0 JavaThread "Reference Handler" daemon [_thread_blocked, id=17044, stack(0x00000009f5b00000,0x00000009f5c00000)]
  0x000001f858cd66b0 JavaThread "Finalizer" daemon [_thread_blocked, id=14780, stack(0x00000009f5c00000,0x00000009f5d00000)]
  0x000001f85981e470 JavaThread "Signal Dispatcher" daemon [_thread_blocked, id=9900, stack(0x00000009f5d00000,0x00000009f5e00000)]
  0x000001f8598130c0 JavaThread "Attach Listener" daemon [_thread_blocked, id=18452, stack(0x00000009f5e00000,0x00000009f5f00000)]
  0x000001f859814120 JavaThread "Service Thread" daemon [_thread_blocked, id=6776, stack(0x00000009f5f00000,0x00000009f6000000)]
  0x000001f859818680 JavaThread "Monitor Deflation Thread" daemon [_thread_blocked, id=10936, stack(0x00000009f6000000,0x00000009f6100000)]
=>0x000001f859824e60 JavaThread "C2 CompilerThread0" daemon [_thread_in_native, id=20276, stack(0x00000009f6100000,0x00000009f6200000)]
  0x000001f859826f10 JavaThread "C1 CompilerThread0" daemon [_thread_blocked, id=8288, stack(0x00000009f6200000,0x00000009f6300000)]
  0x000001f85983a780 JavaThread "Sweeper thread" daemon [_thread_blocked, id=16892, stack(0x00000009f6300000,0x00000009f6400000)]
  0x000001f85998ac80 JavaThread "Notification Thread" daemon [_thread_blocked, id=14484, stack(0x00000009f6400000,0x00000009f6500000)]
  0x000001f8599a8020 JavaThread "Common-Cleaner" daemon [_thread_blocked, id=8960, stack(0x00000009f6600000,0x00000009f6700000)]
  0x000001f8599acc80 JavaThread "mysql-cj-abandoned-connection-cleanup" daemon [_thread_blocked, id=3940, stack(0x00000009f6700000,0x00000009f6800000)]

Other Threads:
  0x000001f858cafae0 VMThread "VM Thread" [stack: 0x00000009f5a00000,0x00000009f5b00000] [id=20112]
  0x000001f859991580 WatcherThread [stack: 0x00000009f6500000,0x00000009f6600000] [id=17804]
  0x000001f83f62b1a0 GCTaskThread "GC Thread#0" [stack: 0x00000009f5500000,0x00000009f5600000] [id=1520]
  0x000001f83f63c500 ConcurrentGCThread "G1 Main Marker" [stack: 0x00000009f5600000,0x00000009f5700000] [id=8008]
  0x000001f83f63df20 ConcurrentGCThread "G1 Conc#0" [stack: 0x00000009f5700000,0x00000009f5800000] [id=4764]
  0x000001f858b00090 ConcurrentGCThread "G1 Refine#0" [stack: 0x00000009f5800000,0x00000009f5900000] [id=15556]
  0x000001f858b00ab0 ConcurrentGCThread "G1 Service" [stack: 0x00000009f5900000,0x00000009f5a00000] [id=13004]

Threads with active compile tasks:
C2 CompilerThread0     1785  603 %     4       java.util.Properties$LineReader::readLine @ 224 (584 bytes)

VM state: not at safepoint (normal execution)

VM Mutex/Monitor currently owned by a thread:  ([mutex/lock_event])
[0x000001f83d60b4b0] Metaspace_lock - owner thread: 0x000001f83f5ccbd0

Heap address: 0x0000000081c00000, size: 2020 MB, Compressed Oops mode: 32-bit

CDS archive(s) not mapped
Compressed class space mapped at: 0x0000000100000000-0x0000000140000000, reserved size: 1073741824
Narrow klass base: 0x0000000000000000, Narrow klass shift: 3, Narrow klass range: 0x140000000

GC Precious Log:
 CPUs: 4 total, 4 available
 Memory: 8077M
 Large Page Support: Disabled
 NUMA Support: Disabled
 Compressed Oops: Enabled (32-bit)
 Heap Region Size: 1M
 Heap Min Capacity: 8M
 Heap Initial Capacity: 128M
 Heap Max Capacity: 2020M
 Pre-touch: Disabled
 Parallel Workers: 4
 Concurrent Workers: 1
 Concurrent Refinement Workers: 4
 Periodic GC: Disabled

Heap:
 garbage-first heap   total 131072K, used 9216K [0x0000000081c00000, 0x0000000100000000)
  region size 1024K, 10 young (10240K), 0 survivors (0K)
 Metaspace       used 11102K, committed 11264K, reserved 1064960K
  class space    used 1008K, committed 1088K, reserved 1048576K

Heap Regions: E=young(eden), S=young(survivor), O=old, HS=humongous(starts), HC=humongous(continues), CS=collection set, F=free, OA=open archive, CA=closed archive, TAMS=top-at-mark-start (previous, next)
|   0|0x0000000081c00000, 0x0000000081c00000, 0x0000000081d00000|  0%| F|  |TAMS 0x0000000081c00000, 0x0000000081c00000| Untracked 
|   1|0x0000000081d00000, 0x0000000081d00000, 0x0000000081e00000|  0%| F|  |TAMS 0x0000000081d00000, 0x0000000081d00000| Untracked 
|   2|0x0000000081e00000, 0x0000000081e00000, 0x0000000081f00000|  0%| F|  |TAMS 0x0000000081e00000, 0x0000000081e00000| Untracked 
|   3|0x0000000081f00000, 0x0000000081f00000, 0x0000000082000000|  0%| F|  |TAMS 0x0000000081f00000, 0x0000000081f00000| Untracked 
|   4|0x0000000082000000, 0x0000000082000000, 0x0000000082100000|  0%| F|  |TAMS 0x0000000082000000, 0x0000000082000000| Untracked 
|   5|0x0000000082100000, 0x0000000082100000, 0x0000000082200000|  0%| F|  |TAMS 0x0000000082100000, 0x0000000082100000| Untracked 
|   6|0x0000000082200000, 0x0000000082200000, 0x0000000082300000|  0%| F|  |TAMS 0x0000000082200000, 0x0000000082200000| Untracked 
|   7|0x0000000082300000, 0x0000000082300000, 0x0000000082400000|  0%| F|  |TAMS 0x0000000082300000, 0x0000000082300000| Untracked 
|   8|0x0000000082400000, 0x0000000082400000, 0x0000000082500000|  0%| F|  |TAMS 0x0000000082400000, 0x0000000082400000| Untracked 
|   9|0x0000000082500000, 0x0000000082500000, 0x0000000082600000|  0%| F|  |TAMS 0x0000000082500000, 0x0000000082500000| Untracked 
|  10|0x0000000082600000, 0x0000000082600000, 0x0000000082700000|  0%| F|  |TAMS 0x0000000082600000, 0x0000000082600000| Untracked 
|  11|0x0000000082700000, 0x0000000082700000, 0x0000000082800000|  0%| F|  |TAMS 0x0000000082700000, 0x0000000082700000| Untracked 
|  12|0x0000000082800000, 0x0000000082800000, 0x0000000082900000|  0%| F|  |TAMS 0x0000000082800000, 0x0000000082800000| Untracked 
|  13|0x0000000082900000, 0x0000000082900000, 0x0000000082a00000|  0%| F|  |TAMS 0x0000000082900000, 0x0000000082900000| Untracked 
|  14|0x0000000082a00000, 0x0000000082a00000, 0x0000000082b00000|  0%| F|  |TAMS 0x0000000082a00000, 0x0000000082a00000| Untracked 
|  15|0x0000000082b00000, 0x0000000082b00000, 0x0000000082c00000|  0%| F|  |TAMS 0x0000000082b00000, 0x0000000082b00000| Untracked 
|  16|0x0000000082c00000, 0x0000000082c00000, 0x0000000082d00000|  0%| F|  |TAMS 0x0000000082c00000, 0x0000000082c00000| Untracked 
|  17|0x0000000082d00000, 0x0000000082d00000, 0x0000000082e00000|  0%| F|  |TAMS 0x0000000082d00000, 0x0000000082d00000| Untracked 
|  18|0x0000000082e00000, 0x0000000082e00000, 0x0000000082f00000|  0%| F|  |TAMS 0x0000000082e00000, 0x0000000082e00000| Untracked 
|  19|0x0000000082f00000, 0x0000000082f00000, 0x0000000083000000|  0%| F|  |TAMS 0x0000000082f00000, 0x0000000082f00000| Untracked 
|  20|0x0000000083000000, 0x0000000083000000, 0x0000000083100000|  0%| F|  |TAMS 0x0000000083000000, 0x0000000083000000| Untracked 
|  21|0x0000000083100000, 0x0000000083100000, 0x0000000083200000|  0%| F|  |TAMS 0x0000000083100000, 0x0000000083100000| Untracked 
|  22|0x0000000083200000, 0x0000000083200000, 0x0000000083300000|  0%| F|  |TAMS 0x0000000083200000, 0x0000000083200000| Untracked 
|  23|0x0000000083300000, 0x0000000083300000, 0x0000000083400000|  0%| F|  |TAMS 0x0000000083300000, 0x0000000083300000| Untracked 
|  24|0x0000000083400000, 0x0000000083400000, 0x0000000083500000|  0%| F|  |TAMS 0x0000000083400000, 0x0000000083400000| Untracked 
|  25|0x0000000083500000, 0x0000000083500000, 0x0000000083600000|  0%| F|  |TAMS 0x0000000083500000, 0x0000000083500000| Untracked 
|  26|0x0000000083600000, 0x0000000083600000, 0x0000000083700000|  0%| F|  |TAMS 0x0000000083600000, 0x0000000083600000| Untracked 
|  27|0x0000000083700000, 0x0000000083700000, 0x0000000083800000|  0%| F|  |TAMS 0x0000000083700000, 0x0000000083700000| Untracked 
|  28|0x0000000083800000, 0x0000000083800000, 0x0000000083900000|  0%| F|  |TAMS 0x0000000083800000, 0x0000000083800000| Untracked 
|  29|0x0000000083900000, 0x0000000083900000, 0x0000000083a00000|  0%| F|  |TAMS 0x0000000083900000, 0x0000000083900000| Untracked 
|  30|0x0000000083a00000, 0x0000000083a00000, 0x0000000083b00000|  0%| F|  |TAMS 0x0000000083a00000, 0x0000000083a00000| Untracked 
|  31|0x0000000083b00000, 0x0000000083b00000, 0x0000000083c00000|  0%| F|  |TAMS 0x0000000083b00000, 0x0000000083b00000| Untracked 
|  32|0x0000000083c00000, 0x0000000083c00000, 0x0000000083d00000|  0%| F|  |TAMS 0x0000000083c00000, 0x0000000083c00000| Untracked 
|  33|0x0000000083d00000, 0x0000000083d00000, 0x0000000083e00000|  0%| F|  |TAMS 0x0000000083d00000, 0x0000000083d00000| Untracked 
|  34|0x0000000083e00000, 0x0000000083e00000, 0x0000000083f00000|  0%| F|  |TAMS 0x0000000083e00000, 0x0000000083e00000| Untracked 
|  35|0x0000000083f00000, 0x0000000083f00000, 0x0000000084000000|  0%| F|  |TAMS 0x0000000083f00000, 0x0000000083f00000| Untracked 
|  36|0x0000000084000000, 0x0000000084000000, 0x0000000084100000|  0%| F|  |TAMS 0x0000000084000000, 0x0000000084000000| Untracked 
|  37|0x0000000084100000, 0x0000000084100000, 0x0000000084200000|  0%| F|  |TAMS 0x0000000084100000, 0x0000000084100000| Untracked 
|  38|0x0000000084200000, 0x0000000084200000, 0x0000000084300000|  0%| F|  |TAMS 0x0000000084200000, 0x0000000084200000| Untracked 
|  39|0x0000000084300000, 0x0000000084300000, 0x0000000084400000|  0%| F|  |TAMS 0x0000000084300000, 0x0000000084300000| Untracked 
|  40|0x0000000084400000, 0x0000000084400000, 0x0000000084500000|  0%| F|  |TAMS 0x0000000084400000, 0x0000000084400000| Untracked 
|  41|0x0000000084500000, 0x0000000084500000, 0x0000000084600000|  0%| F|  |TAMS 0x0000000084500000, 0x0000000084500000| Untracked 
|  42|0x0000000084600000, 0x0000000084600000, 0x0000000084700000|  0%| F|  |TAMS 0x0000000084600000, 0x0000000084600000| Untracked 
|  43|0x0000000084700000, 0x0000000084700000, 0x0000000084800000|  0%| F|  |TAMS 0x0000000084700000, 0x0000000084700000| Untracked 
|  44|0x0000000084800000, 0x0000000084800000, 0x0000000084900000|  0%| F|  |TAMS 0x0000000084800000, 0x0000000084800000| Untracked 
|  45|0x0000000084900000, 0x0000000084900000, 0x0000000084a00000|  0%| F|  |TAMS 0x0000000084900000, 0x0000000084900000| Untracked 
|  46|0x0000000084a00000, 0x0000000084a00000, 0x0000000084b00000|  0%| F|  |TAMS 0x0000000084a00000, 0x0000000084a00000| Untracked 
|  47|0x0000000084b00000, 0x0000000084b00000, 0x0000000084c00000|  0%| F|  |TAMS 0x0000000084b00000, 0x0000000084b00000| Untracked 
|  48|0x0000000084c00000, 0x0000000084c00000, 0x0000000084d00000|  0%| F|  |TAMS 0x0000000084c00000, 0x0000000084c00000| Untracked 
|  49|0x0000000084d00000, 0x0000000084d00000, 0x0000000084e00000|  0%| F|  |TAMS 0x0000000084d00000, 0x0000000084d00000| Untracked 
|  50|0x0000000084e00000, 0x0000000084e00000, 0x0000000084f00000|  0%| F|  |TAMS 0x0000000084e00000, 0x0000000084e00000| Untracked 
|  51|0x0000000084f00000, 0x0000000084f00000, 0x0000000085000000|  0%| F|  |TAMS 0x0000000084f00000, 0x0000000084f00000| Untracked 
|  52|0x0000000085000000, 0x0000000085000000, 0x0000000085100000|  0%| F|  |TAMS 0x0000000085000000, 0x0000000085000000| Untracked 
|  53|0x0000000085100000, 0x0000000085100000, 0x0000000085200000|  0%| F|  |TAMS 0x0000000085100000, 0x0000000085100000| Untracked 
|  54|0x0000000085200000, 0x0000000085200000, 0x0000000085300000|  0%| F|  |TAMS 0x0000000085200000, 0x0000000085200000| Untracked 
|  55|0x0000000085300000, 0x0000000085300000, 0x0000000085400000|  0%| F|  |TAMS 0x0000000085300000, 0x0000000085300000| Untracked 
|  56|0x0000000085400000, 0x0000000085400000, 0x0000000085500000|  0%| F|  |TAMS 0x0000000085400000, 0x0000000085400000| Untracked 
|  57|0x0000000085500000, 0x0000000085500000, 0x0000000085600000|  0%| F|  |TAMS 0x0000000085500000, 0x0000000085500000| Untracked 
|  58|0x0000000085600000, 0x0000000085600000, 0x0000000085700000|  0%| F|  |TAMS 0x0000000085600000, 0x0000000085600000| Untracked 
|  59|0x0000000085700000, 0x0000000085700000, 0x0000000085800000|  0%| F|  |TAMS 0x0000000085700000, 0x0000000085700000| Untracked 
|  60|0x0000000085800000, 0x0000000085800000, 0x0000000085900000|  0%| F|  |TAMS 0x0000000085800000, 0x0000000085800000| Untracked 
|  61|0x0000000085900000, 0x0000000085900000, 0x0000000085a00000|  0%| F|  |TAMS 0x0000000085900000, 0x0000000085900000| Untracked 
|  62|0x0000000085a00000, 0x0000000085a00000, 0x0000000085b00000|  0%| F|  |TAMS 0x0000000085a00000, 0x0000000085a00000| Untracked 
|  63|0x0000000085b00000, 0x0000000085b00000, 0x0000000085c00000|  0%| F|  |TAMS 0x0000000085b00000, 0x0000000085b00000| Untracked 
|  64|0x0000000085c00000, 0x0000000085c00000, 0x0000000085d00000|  0%| F|  |TAMS 0x0000000085c00000, 0x0000000085c00000| Untracked 
|  65|0x0000000085d00000, 0x0000000085d00000, 0x0000000085e00000|  0%| F|  |TAMS 0x0000000085d00000, 0x0000000085d00000| Untracked 
|  66|0x0000000085e00000, 0x0000000085e00000, 0x0000000085f00000|  0%| F|  |TAMS 0x0000000085e00000, 0x0000000085e00000| Untracked 
|  67|0x0000000085f00000, 0x0000000085f00000, 0x0000000086000000|  0%| F|  |TAMS 0x0000000085f00000, 0x0000000085f00000| Untracked 
|  68|0x0000000086000000, 0x0000000086000000, 0x0000000086100000|  0%| F|  |TAMS 0x0000000086000000, 0x0000000086000000| Untracked 
|  69|0x0000000086100000, 0x0000000086100000, 0x0000000086200000|  0%| F|  |TAMS 0x0000000086100000, 0x0000000086100000| Untracked 
|  70|0x0000000086200000, 0x0000000086200000, 0x0000000086300000|  0%| F|  |TAMS 0x0000000086200000, 0x0000000086200000| Untracked 
|  71|0x0000000086300000, 0x0000000086300000, 0x0000000086400000|  0%| F|  |TAMS 0x0000000086300000, 0x0000000086300000| Untracked 
|  72|0x0000000086400000, 0x0000000086400000, 0x0000000086500000|  0%| F|  |TAMS 0x0000000086400000, 0x0000000086400000| Untracked 
|  73|0x0000000086500000, 0x0000000086500000, 0x0000000086600000|  0%| F|  |TAMS 0x0000000086500000, 0x0000000086500000| Untracked 
|  74|0x0000000086600000, 0x0000000086600000, 0x0000000086700000|  0%| F|  |TAMS 0x0000000086600000, 0x0000000086600000| Untracked 
|  75|0x0000000086700000, 0x0000000086700000, 0x0000000086800000|  0%| F|  |TAMS 0x0000000086700000, 0x0000000086700000| Untracked 
|  76|0x0000000086800000, 0x0000000086800000, 0x0000000086900000|  0%| F|  |TAMS 0x0000000086800000, 0x0000000086800000| Untracked 
|  77|0x0000000086900000, 0x0000000086900000, 0x0000000086a00000|  0%| F|  |TAMS 0x0000000086900000, 0x0000000086900000| Untracked 
|  78|0x0000000086a00000, 0x0000000086a00000, 0x0000000086b00000|  0%| F|  |TAMS 0x0000000086a00000, 0x0000000086a00000| Untracked 
|  79|0x0000000086b00000, 0x0000000086b00000, 0x0000000086c00000|  0%| F|  |TAMS 0x0000000086b00000, 0x0000000086b00000| Untracked 
|  80|0x0000000086c00000, 0x0000000086c00000, 0x0000000086d00000|  0%| F|  |TAMS 0x0000000086c00000, 0x0000000086c00000| Untracked 
|  81|0x0000000086d00000, 0x0000000086d00000, 0x0000000086e00000|  0%| F|  |TAMS 0x0000000086d00000, 0x0000000086d00000| Untracked 
|  82|0x0000000086e00000, 0x0000000086e00000, 0x0000000086f00000|  0%| F|  |TAMS 0x0000000086e00000, 0x0000000086e00000| Untracked 
|  83|0x0000000086f00000, 0x0000000086f00000, 0x0000000087000000|  0%| F|  |TAMS 0x0000000086f00000, 0x0000000086f00000| Untracked 
|  84|0x0000000087000000, 0x0000000087000000, 0x0000000087100000|  0%| F|  |TAMS 0x0000000087000000, 0x0000000087000000| Untracked 
|  85|0x0000000087100000, 0x0000000087100000, 0x0000000087200000|  0%| F|  |TAMS 0x0000000087100000, 0x0000000087100000| Untracked 
|  86|0x0000000087200000, 0x0000000087200000, 0x0000000087300000|  0%| F|  |TAMS 0x0000000087200000, 0x0000000087200000| Untracked 
|  87|0x0000000087300000, 0x0000000087300000, 0x0000000087400000|  0%| F|  |TAMS 0x0000000087300000, 0x0000000087300000| Untracked 
|  88|0x0000000087400000, 0x0000000087400000, 0x0000000087500000|  0%| F|  |TAMS 0x0000000087400000, 0x0000000087400000| Untracked 
|  89|0x0000000087500000, 0x0000000087500000, 0x0000000087600000|  0%| F|  |TAMS 0x0000000087500000, 0x0000000087500000| Untracked 
|  90|0x0000000087600000, 0x0000000087600000, 0x0000000087700000|  0%| F|  |TAMS 0x0000000087600000, 0x0000000087600000| Untracked 
|  91|0x0000000087700000, 0x0000000087700000, 0x0000000087800000|  0%| F|  |TAMS 0x0000000087700000, 0x0000000087700000| Untracked 
|  92|0x0000000087800000, 0x0000000087800000, 0x0000000087900000|  0%| F|  |TAMS 0x0000000087800000, 0x0000000087800000| Untracked 
|  93|0x0000000087900000, 0x0000000087900000, 0x0000000087a00000|  0%| F|  |TAMS 0x0000000087900000, 0x0000000087900000| Untracked 
|  94|0x0000000087a00000, 0x0000000087a00000, 0x0000000087b00000|  0%| F|  |TAMS 0x0000000087a00000, 0x0000000087a00000| Untracked 
|  95|0x0000000087b00000, 0x0000000087b00000, 0x0000000087c00000|  0%| F|  |TAMS 0x0000000087b00000, 0x0000000087b00000| Untracked 
|  96|0x0000000087c00000, 0x0000000087c00000, 0x0000000087d00000|  0%| F|  |TAMS 0x0000000087c00000, 0x0000000087c00000| Untracked 
|  97|0x0000000087d00000, 0x0000000087d00000, 0x0000000087e00000|  0%| F|  |TAMS 0x0000000087d00000, 0x0000000087d00000| Untracked 
|  98|0x0000000087e00000, 0x0000000087e00000, 0x0000000087f00000|  0%| F|  |TAMS 0x0000000087e00000, 0x0000000087e00000| Untracked 
|  99|0x0000000087f00000, 0x0000000087f00000, 0x0000000088000000|  0%| F|  |TAMS 0x0000000087f00000, 0x0000000087f00000| Untracked 
| 100|0x0000000088000000, 0x0000000088000000, 0x0000000088100000|  0%| F|  |TAMS 0x0000000088000000, 0x0000000088000000| Untracked 
| 101|0x0000000088100000, 0x0000000088100000, 0x0000000088200000|  0%| F|  |TAMS 0x0000000088100000, 0x0000000088100000| Untracked 
| 102|0x0000000088200000, 0x0000000088200000, 0x0000000088300000|  0%| F|  |TAMS 0x0000000088200000, 0x0000000088200000| Untracked 
| 103|0x0000000088300000, 0x0000000088300000, 0x0000000088400000|  0%| F|  |TAMS 0x0000000088300000, 0x0000000088300000| Untracked 
| 104|0x0000000088400000, 0x0000000088400000, 0x0000000088500000|  0%| F|  |TAMS 0x0000000088400000, 0x0000000088400000| Untracked 
| 105|0x0000000088500000, 0x0000000088500000, 0x0000000088600000|  0%| F|  |TAMS 0x0000000088500000, 0x0000000088500000| Untracked 
| 106|0x0000000088600000, 0x0000000088600000, 0x0000000088700000|  0%| F|  |TAMS 0x0000000088600000, 0x0000000088600000| Untracked 
| 107|0x0000000088700000, 0x0000000088700000, 0x0000000088800000|  0%| F|  |TAMS 0x0000000088700000, 0x0000000088700000| Untracked 
| 108|0x0000000088800000, 0x0000000088800000, 0x0000000088900000|  0%| F|  |TAMS 0x0000000088800000, 0x0000000088800000| Untracked 
| 109|0x0000000088900000, 0x0000000088900000, 0x0000000088a00000|  0%| F|  |TAMS 0x0000000088900000, 0x0000000088900000| Untracked 
| 110|0x0000000088a00000, 0x0000000088a00000, 0x0000000088b00000|  0%| F|  |TAMS 0x0000000088a00000, 0x0000000088a00000| Untracked 
| 111|0x0000000088b00000, 0x0000000088b00000, 0x0000000088c00000|  0%| F|  |TAMS 0x0000000088b00000, 0x0000000088b00000| Untracked 
| 112|0x0000000088c00000, 0x0000000088c00000, 0x0000000088d00000|  0%| F|  |TAMS 0x0000000088c00000, 0x0000000088c00000| Untracked 
| 113|0x0000000088d00000, 0x0000000088d00000, 0x0000000088e00000|  0%| F|  |TAMS 0x0000000088d00000, 0x0000000088d00000| Untracked 
| 114|0x0000000088e00000, 0x0000000088e00000, 0x0000000088f00000|  0%| F|  |TAMS 0x0000000088e00000, 0x0000000088e00000| Untracked 
| 115|0x0000000088f00000, 0x0000000088f00000, 0x0000000089000000|  0%| F|  |TAMS 0x0000000088f00000, 0x0000000088f00000| Untracked 
| 116|0x0000000089000000, 0x0000000089000000, 0x0000000089100000|  0%| F|  |TAMS 0x0000000089000000, 0x0000000089000000| Untracked 
| 117|0x0000000089100000, 0x0000000089100000, 0x0000000089200000|  0%| F|  |TAMS 0x0000000089100000, 0x0000000089100000| Untracked 
| 118|0x0000000089200000, 0x000000008928abd8, 0x0000000089300000| 54%| E|  |TAMS 0x0000000089200000, 0x0000000089200000| Complete 
| 119|0x0000000089300000, 0x0000000089400000, 0x0000000089400000|100%| E|CS|TAMS 0x0000000089300000, 0x0000000089300000| Complete 
| 120|0x0000000089400000, 0x0000000089500000, 0x0000000089500000|100%| E|CS|TAMS 0x0000000089400000, 0x0000000089400000| Complete 
| 121|0x0000000089500000, 0x0000000089600000, 0x0000000089600000|100%| E|CS|TAMS 0x0000000089500000, 0x0000000089500000| Complete 
| 122|0x0000000089600000, 0x0000000089700000, 0x0000000089700000|100%| E|CS|TAMS 0x0000000089600000, 0x0000000089600000| Complete 
| 123|0x0000000089700000, 0x0000000089800000, 0x0000000089800000|100%| E|CS|TAMS 0x0000000089700000, 0x0000000089700000| Complete 
| 124|0x0000000089800000, 0x0000000089900000, 0x0000000089900000|100%| E|CS|TAMS 0x0000000089800000, 0x0000000089800000| Complete 
| 125|0x0000000089900000, 0x0000000089a00000, 0x0000000089a00000|100%| E|CS|TAMS 0x0000000089900000, 0x0000000089900000| Complete 
| 126|0x0000000089a00000, 0x0000000089b00000, 0x0000000089b00000|100%| E|CS|TAMS 0x0000000089a00000, 0x0000000089a00000| Complete 
| 127|0x0000000089b00000, 0x0000000089c00000, 0x0000000089c00000|100%| E|CS|TAMS 0x0000000089b00000, 0x0000000089b00000| Complete 

Card table byte_map: [0x000001f8520a0000,0x000001f8524a0000] _byte_map_base: 0x000001f851c92000

Marking Bits (Prev, Next): (CMBitMap*) 0x000001f83f62b7b0, (CMBitMap*) 0x000001f83f62b7f0
 Prev Bits: [0x000001f8528a0000, 0x000001f854830000)
 Next Bits: [0x000001f854830000, 0x000001f8567c0000)

Polling page: 0x000001f83d4c0000

Metaspace:

Usage:
  Non-class:      9.86 MB used.
      Class:   1008.75 KB used.
       Both:     10.84 MB used.

Virtual space:
  Non-class space:       16.00 MB reserved,       9.94 MB ( 62%) committed,  2 nodes.
      Class space:        1.00 GB reserved,       1.06 MB ( <1%) committed,  1 nodes.
             Both:        1.02 GB reserved,      11.00 MB (  1%) committed. 

Chunk freelists:
   Non-Class:  1.94 MB
       Class:  2.73 MB
        Both:  4.67 MB

MaxMetaspaceSize: unlimited
CompressedClassSpaceSize: 1.00 GB
Initial GC threshold: 21.00 MB
Current GC threshold: 21.00 MB
CDS: off
MetaspaceReclaimPolicy: balanced
 - commit_granule_bytes: 65536.
 - commit_granule_words: 8192.
 - virtual_space_node_default_size: 1048576.
 - enlarge_chunks_in_place: 1.
 - new_chunks_are_fully_committed: 0.
 - uncommit_free_chunks: 1.
 - use_allocation_guard: 0.
 - handle_deallocations: 1.


Internal statistics:

num_allocs_failed_limit: 0.
num_arena_births: 40.
num_arena_deaths: 0.
num_vsnodes_births: 3.
num_vsnodes_deaths: 0.
num_space_committed: 176.
num_space_uncommitted: 0.
num_chunks_returned_to_freelist: 0.
num_chunks_taken_from_freelist: 147.
num_chunk_merges: 0.
num_chunk_splits: 95.
num_chunks_enlarged: 73.
num_purges: 0.
num_inconsistent_stats: 0.

CodeHeap 'non-profiled nmethods': size=120000Kb used=220Kb max_used=220Kb free=119780Kb
 bounds [0x000001f84a770000, 0x000001f84a9e0000, 0x000001f851ca0000]
CodeHeap 'profiled nmethods': size=120000Kb used=1029Kb max_used=1029Kb free=118970Kb
 bounds [0x000001f843240000, 0x000001f8434b0000, 0x000001f84a770000]
CodeHeap 'non-nmethods': size=5760Kb used=1165Kb max_used=1181Kb free=4594Kb
 bounds [0x000001f842ca0000, 0x000001f842f10000, 0x000001f843240000]
 total_blobs=1089 nmethods=626 adapters=376
 compilation: enabled
              stopped_count=0, restarted_count=0
 full_count=0

Compilation events (20 events):
Event: 1.665 Thread 0x000001f859826f10  617       3       java.lang.invoke.MemberName::getInvocationType (56 bytes)
Event: 1.666 Thread 0x000001f859826f10 nmethod 617 0x000001f843338810 code [0x000001f843338a40, 0x000001f843339348]
Event: 1.666 Thread 0x000001f859826f10  619       3       java.util.ArrayDeque::inc (12 bytes)
Event: 1.667 Thread 0x000001f859826f10 nmethod 619 0x000001f843339610 code [0x000001f8433397a0, 0x000001f8433398d8]
Event: 1.667 Thread 0x000001f859826f10  620       3       java.io.InputStream::<init> (5 bytes)
Event: 1.667 Thread 0x000001f859826f10 nmethod 620 0x000001f843339990 code [0x000001f843339b20, 0x000001f843339c78]
Event: 1.670 Thread 0x000001f859826f10  621       3       java.lang.String::startsWith (138 bytes)
Event: 1.671 Thread 0x000001f859826f10 nmethod 621 0x000001f843339d10 code [0x000001f843339f20, 0x000001f84333a7b8]
Event: 1.676 Thread 0x000001f859826f10  622       1       java.lang.Enum::name (5 bytes)
Event: 1.676 Thread 0x000001f859826f10 nmethod 622 0x000001f84a7a6010 code [0x000001f84a7a61a0, 0x000001f84a7a6278]
Event: 1.679 Thread 0x000001f859826f10  623       1       sun.security.util.KnownOIDs::registerNames (2 bytes)
Event: 1.679 Thread 0x000001f859826f10 nmethod 623 0x000001f84a7a6310 code [0x000001f84a7a64a0, 0x000001f84a7a6578]
Event: 1.680 Thread 0x000001f859826f10  625       3       java.util.Objects::nonNull (10 bytes)
Event: 1.680 Thread 0x000001f859826f10 nmethod 625 0x000001f84333aa90 code [0x000001f84333ac20, 0x000001f84333ad78]
Event: 1.680 Thread 0x000001f859826f10  626       3       sun.security.util.KnownOIDs::register (349 bytes)
Event: 1.684 Thread 0x000001f859826f10 nmethod 626 0x000001f84333ae10 code [0x000001f84333b720, 0x000001f84333fc98]
Event: 1.684 Thread 0x000001f859826f10  627       1       java.util.HashMap$Node::getKey (5 bytes)
Event: 1.685 Thread 0x000001f859826f10 nmethod 627 0x000001f84a7a6a10 code [0x000001f84a7a6ba0, 0x000001f84a7a6c78]
Event: 1.685 Thread 0x000001f859826f10  628       1       java.util.HashMap$Node::getValue (5 bytes)
Event: 1.685 Thread 0x000001f859826f10 nmethod 628 0x000001f84a7a6d10 code [0x000001f84a7a6ea0, 0x000001f84a7a6f78]

GC Heap History (0 events):
No events

Deoptimization events (20 events):
Event: 0.579 Thread 0x000001f83f5ccbd0 DEOPT PACKING pc=0x000001f84a78d978 sp=0x00000009f54fd2d0
Event: 0.579 Thread 0x000001f83f5ccbd0 DEOPT UNPACKING pc=0x000001f842cf23a3 sp=0x00000009f54fd1b0 mode 2
Event: 1.604 Thread 0x000001f83f5ccbd0 DEOPT PACKING pc=0x000001f8432933e5 sp=0x00000009f54fdec0
Event: 1.604 Thread 0x000001f83f5ccbd0 DEOPT UNPACKING pc=0x000001f842cf2b43 sp=0x00000009f54fd310 mode 0
Event: 1.660 Thread 0x000001f83f5ccbd0 Uncommon trap: trap_request=0xffffffde fr.pc=0x000001f84a79d5b0 relative=0x0000000000001310
Event: 1.660 Thread 0x000001f83f5ccbd0 Uncommon trap: reason=class_check action=maybe_recompile pc=0x000001f84a79d5b0 method=java.util.Properties$LineReader.readLine()I @ 70 c2
Event: 1.660 Thread 0x000001f83f5ccbd0 DEOPT PACKING pc=0x000001f84a79d5b0 sp=0x00000009f54fe400
Event: 1.660 Thread 0x000001f83f5ccbd0 DEOPT UNPACKING pc=0x000001f842cf23a3 sp=0x00000009f54fe390 mode 2
Event: 1.660 Thread 0x000001f83f5ccbd0 Uncommon trap: trap_request=0xffffff45 fr.pc=0x000001f84a7896b4 relative=0x00000000000008b4
Event: 1.660 Thread 0x000001f83f5ccbd0 Uncommon trap: reason=unstable_if action=reinterpret pc=0x000001f84a7896b4 method=java.util.Properties$LineReader.readLine()I @ 117 c2
Event: 1.660 Thread 0x000001f83f5ccbd0 DEOPT PACKING pc=0x000001f84a7896b4 sp=0x00000009f54fe400
Event: 1.660 Thread 0x000001f83f5ccbd0 DEOPT UNPACKING pc=0x000001f842cf23a3 sp=0x00000009f54fe3a0 mode 2
Event: 1.660 Thread 0x000001f83f5ccbd0 Uncommon trap: trap_request=0xffffff45 fr.pc=0x000001f84a79ca90 relative=0x00000000000007f0
Event: 1.660 Thread 0x000001f83f5ccbd0 Uncommon trap: reason=unstable_if action=reinterpret pc=0x000001f84a79ca90 method=java.util.Properties$LineReader.readLine()I @ 249 c2
Event: 1.660 Thread 0x000001f83f5ccbd0 DEOPT PACKING pc=0x000001f84a79ca90 sp=0x00000009f54fe400
Event: 1.660 Thread 0x000001f83f5ccbd0 DEOPT UNPACKING pc=0x000001f842cf23a3 sp=0x00000009f54fe398 mode 2
Event: 1.670 Thread 0x000001f83f5ccbd0 Uncommon trap: trap_request=0xffffff45 fr.pc=0x000001f84a79faa0 relative=0x0000000000000280
Event: 1.670 Thread 0x000001f83f5ccbd0 Uncommon trap: reason=unstable_if action=reinterpret pc=0x000001f84a79faa0 method=java.lang.String.startsWith(Ljava/lang/String;I)Z @ 1 c2
Event: 1.670 Thread 0x000001f83f5ccbd0 DEOPT PACKING pc=0x000001f84a79faa0 sp=0x00000009f54fdda0
Event: 1.670 Thread 0x000001f83f5ccbd0 DEOPT UNPACKING pc=0x000001f842cf23a3 sp=0x00000009f54fdd08 mode 2

Classes unloaded (0 events):
No events

Classes redefined (0 events):
No events

Internal exceptions (7 events):
Event: 0.305 Thread 0x000001f83f5ccbd0 Exception <a 'java/lang/NoSuchMethodError'{0x00000000898062a8}: 'java.lang.Object java.lang.invoke.DirectMethodHandle$Holder.invokeStaticInit(java.lang.Object)'> (0x00000000898062a8) 
thrown [s\src\hotspot\share\interpreter\linkResolver.cpp, line 759]
Event: 0.307 Thread 0x000001f83f5ccbd0 Exception <a 'java/lang/NoSuchMethodError'{0x000000008980c470}: 'java.lang.Object java.lang.invoke.DirectMethodHandle$Holder.invokeInterface(java.lang.Object, java.lang.Object)'> (0x000000008980c470) 
thrown [s\src\hotspot\share\interpreter\linkResolver.cpp, line 759]
Event: 0.361 Thread 0x000001f83f5ccbd0 Exception <a 'java/lang/NoSuchMethodError'{0x000000008988eee8}: 'void java.lang.invoke.DirectMethodHandle$Holder.invokeSpecial(java.lang.Object, java.lang.Object, java.lang.Object)'> (0x000000008988eee8) 
thrown [s\src\hotspot\share\interpreter\linkResolver.cpp, line 759]
Event: 0.364 Thread 0x000001f83f5ccbd0 Exception <a 'java/lang/NoSuchMethodError'{0x0000000089895a78}: 'void java.lang.invoke.DirectMethodHandle$Holder.invokeStatic(java.lang.Object, java.lang.Object, java.lang.Object)'> (0x0000000089895a78) 
thrown [s\src\hotspot\share\interpreter\linkResolver.cpp, line 759]
Event: 0.366 Thread 0x000001f83f5ccbd0 Exception <a 'java/lang/NoSuchMethodError'{0x000000008989fdd8}: 'java.lang.Object java.lang.invoke.DirectMethodHandle$Holder.invokeVirtual(java.lang.Object, java.lang.Object, java.lang.Object)'> (0x000000008989fdd8) 
thrown [s\src\hotspot\share\interpreter\linkResolver.cpp, line 759]
Event: 1.573 Thread 0x000001f83f5ccbd0 Exception <a 'java/lang/NoSuchMethodError'{0x00000000895f78a8}: 'void java.lang.invoke.DirectMethodHandle$Holder.invokeStatic(java.lang.Object, java.lang.Object)'> (0x00000000895f78a8) 
thrown [s\src\hotspot\share\interpreter\linkResolver.cpp, line 759]
Event: 1.661 Thread 0x000001f83f5ccbd0 Exception <a 'java/lang/NoSuchMethodError'{0x0000000089210dd8}: 'void java.lang.invoke.DirectMethodHandle$Holder.invokeStaticInit(java.lang.Object, java.lang.Object)'> (0x0000000089210dd8) 
thrown [s\src\hotspot\share\interpreter\linkResolver.cpp, line 759]

VM Operations (8 events):
Event: 0.191 Executing VM operation: HandshakeAllThreads
Event: 0.191 Executing VM operation: HandshakeAllThreads done
Event: 0.222 Executing VM operation: HandshakeAllThreads
Event: 0.222 Executing VM operation: HandshakeAllThreads done
Event: 0.564 Executing VM operation: HandshakeAllThreads
Event: 0.564 Executing VM operation: HandshakeAllThreads done
Event: 1.567 Executing VM operation: Cleanup
Event: 1.567 Executing VM operation: Cleanup done

Events (20 events):
Event: 1.675 loading class sun/security/util/KnownOIDs$2 done
Event: 1.675 loading class sun/security/util/KnownOIDs$3
Event: 1.675 loading class sun/security/util/KnownOIDs$3 done
Event: 1.676 loading class sun/security/util/KnownOIDs$4
Event: 1.676 loading class sun/security/util/KnownOIDs$4 done
Event: 1.677 loading class sun/security/util/KnownOIDs$5
Event: 1.677 loading class sun/security/util/KnownOIDs$5 done
Event: 1.677 loading class sun/security/util/KnownOIDs$6
Event: 1.677 loading class sun/security/util/KnownOIDs$6 done
Event: 1.677 loading class sun/security/util/KnownOIDs$7
Event: 1.677 loading class sun/security/util/KnownOIDs$7 done
Event: 1.677 loading class sun/security/util/KnownOIDs$8
Event: 1.677 loading class sun/security/util/KnownOIDs$8 done
Event: 1.677 loading class sun/security/util/KnownOIDs$9
Event: 1.678 loading class sun/security/util/KnownOIDs$9 done
Event: 1.678 loading class sun/security/util/KnownOIDs$10
Event: 1.678 loading class sun/security/util/KnownOIDs$10 done
Event: 1.682 loading class sun/security/rsa/SunRsaSign
Event: 1.682 loading class sun/security/rsa/SunRsaSign done
Event: 1.682 loading class sun/security/rsa/SunRsaSignEntries


Dynamic libraries:
0x00007ff712030000 - 0x00007ff71203e000 	C:\Users\sachin p\.p2\pool\plugins\org.eclipse.justj.openjdk.hotspot.jre.full.win32.x86_64_17.0.4.v20220903-1038\jre\bin\javaw.exe
0x00007ffcdbc70000 - 0x00007ffcdbe68000 	C:\WINDOWS\SYSTEM32\ntdll.dll
0x00007ffcdb920000 - 0x00007ffcdb9df000 	C:\WINDOWS\System32\KERNEL32.DLL
0x00007ffcd9440000 - 0x00007ffcd9712000 	C:\WINDOWS\System32\KERNELBASE.dll
0x00007ffcd9b80000 - 0x00007ffcd9c80000 	C:\WINDOWS\System32\ucrtbase.dll
0x00007ffcd2b70000 - 0x00007ffcd2b89000 	C:\Users\sachin p\.p2\pool\plugins\org.eclipse.justj.openjdk.hotspot.jre.full.win32.x86_64_17.0.4.v20220903-1038\jre\bin\VCRUNTIME140.dll
0x00007ffcd2280000 - 0x00007ffcd2298000 	C:\Users\sachin p\.p2\pool\plugins\org.eclipse.justj.openjdk.hotspot.jre.full.win32.x86_64_17.0.4.v20220903-1038\jre\bin\jli.dll
0x00007ffcdabf0000 - 0x00007ffcdad91000 	C:\WINDOWS\System32\USER32.dll
0x00007ffcd9b50000 - 0x00007ffcd9b72000 	C:\WINDOWS\System32\win32u.dll
0x00007ffccc280000 - 0x00007ffccc51a000 	C:\WINDOWS\WinSxS\amd64_microsoft.windows.common-controls_6595b64144ccf1df_6.0.19041.1110_none_60b5254171f9507e\COMCTL32.dll
0x00007ffcda220000 - 0x00007ffcda24b000 	C:\WINDOWS\System32\GDI32.dll
0x00007ffcdb780000 - 0x00007ffcdb81e000 	C:\WINDOWS\System32\msvcrt.dll
0x00007ffcd9770000 - 0x00007ffcd987f000 	C:\WINDOWS\System32\gdi32full.dll
0x00007ffcd9330000 - 0x00007ffcd93cd000 	C:\WINDOWS\System32\msvcp_win.dll
0x00007ffcdaa30000 - 0x00007ffcdaa62000 	C:\WINDOWS\System32\IMM32.DLL
0x00007ffcd51f0000 - 0x00007ffcd51fc000 	C:\Users\sachin p\.p2\pool\plugins\org.eclipse.justj.openjdk.hotspot.jre.full.win32.x86_64_17.0.4.v20220903-1038\jre\bin\vcruntime140_1.dll
0x00007ffcc8a00000 - 0x00007ffcc8a91000 	C:\Users\sachin p\.p2\pool\plugins\org.eclipse.justj.openjdk.hotspot.jre.full.win32.x86_64_17.0.4.v20220903-1038\jre\bin\msvcp140.dll
0x00007ffc751b0000 - 0x00007ffc75df6000 	C:\Users\sachin p\.p2\pool\plugins\org.eclipse.justj.openjdk.hotspot.jre.full.win32.x86_64_17.0.4.v20220903-1038\jre\bin\server\jvm.dll
0x00007ffcdae10000 - 0x00007ffcdaebe000 	C:\WINDOWS\System32\ADVAPI32.dll
0x00007ffcdab50000 - 0x00007ffcdabec000 	C:\WINDOWS\System32\sechost.dll
0x00007ffcdb220000 - 0x00007ffcdb345000 	C:\WINDOWS\System32\RPCRT4.dll
0x00007ffcdb9e0000 - 0x00007ffcdb9e8000 	C:\WINDOWS\System32\PSAPI.DLL
0x00007ffcc2250000 - 0x00007ffcc2259000 	C:\WINDOWS\SYSTEM32\WSOCK32.dll
0x00007ffcdada0000 - 0x00007ffcdae0b000 	C:\WINDOWS\System32\WS2_32.dll
0x00007ffcc7870000 - 0x00007ffcc7897000 	C:\WINDOWS\SYSTEM32\WINMM.dll
0x00007ffcd1a80000 - 0x00007ffcd1a8a000 	C:\WINDOWS\SYSTEM32\VERSION.dll
0x00007ffcd7e30000 - 0x00007ffcd7e42000 	C:\WINDOWS\SYSTEM32\kernel.appcore.dll
0x00007ffcd6240000 - 0x00007ffcd624a000 	C:\Users\sachin p\.p2\pool\plugins\org.eclipse.justj.openjdk.hotspot.jre.full.win32.x86_64_17.0.4.v20220903-1038\jre\bin\jimage.dll
0x00007ffcd7850000 - 0x00007ffcd7a34000 	C:\WINDOWS\SYSTEM32\DBGHELP.DLL
0x00007ffcbfce0000 - 0x00007ffcbfd15000 	C:\WINDOWS\SYSTEM32\dbgcore.DLL
0x00007ffcd9ac0000 - 0x00007ffcd9b42000 	C:\WINDOWS\System32\bcryptPrimitives.dll
0x00007ffcccb50000 - 0x00007ffcccb75000 	C:\Users\sachin p\.p2\pool\plugins\org.eclipse.justj.openjdk.hotspot.jre.full.win32.x86_64_17.0.4.v20220903-1038\jre\bin\java.dll
0x00007ffcd6210000 - 0x00007ffcd6228000 	C:\Users\sachin p\.p2\pool\plugins\org.eclipse.justj.openjdk.hotspot.jre.full.win32.x86_64_17.0.4.v20220903-1038\jre\bin\zip.dll
0x00007ffcda2e0000 - 0x00007ffcdaa24000 	C:\WINDOWS\System32\SHELL32.dll
0x00007ffcd6fe0000 - 0x00007ffcd7772000 	C:\WINDOWS\SYSTEM32\windows.storage.dll
0x00007ffcdaec0000 - 0x00007ffcdb215000 	C:\WINDOWS\System32\combase.dll
0x00007ffcd8cb0000 - 0x00007ffcd8ce0000 	C:\WINDOWS\SYSTEM32\Wldp.dll
0x00007ffcd9c80000 - 0x00007ffcd9d2d000 	C:\WINDOWS\System32\SHCORE.dll
0x00007ffcdb410000 - 0x00007ffcdb465000 	C:\WINDOWS\System32\shlwapi.dll
0x00007ffcd9270000 - 0x00007ffcd928f000 	C:\WINDOWS\SYSTEM32\profapi.dll
0x00007ffcd5500000 - 0x00007ffcd5510000 	C:\Users\sachin p\.p2\pool\plugins\org.eclipse.justj.openjdk.hotspot.jre.full.win32.x86_64_17.0.4.v20220903-1038\jre\bin\verify.dll
0x00007ffcd61e0000 - 0x00007ffcd61f9000 	C:\Users\sachin p\.p2\pool\plugins\org.eclipse.justj.openjdk.hotspot.jre.full.win32.x86_64_17.0.4.v20220903-1038\jre\bin\net.dll
0x00007ffcd26f0000 - 0x00007ffcd27fc000 	C:\WINDOWS\SYSTEM32\WINHTTP.dll
0x00007ffcd8a10000 - 0x00007ffcd8a7a000 	C:\WINDOWS\system32\mswsock.dll
0x00007ffcd2ce0000 - 0x00007ffcd2cf5000 	C:\Users\sachin p\.p2\pool\plugins\org.eclipse.justj.openjdk.hotspot.jre.full.win32.x86_64_17.0.4.v20220903-1038\jre\bin\nio.dll
0x00007ffcd8740000 - 0x00007ffcd880a000 	C:\WINDOWS\SYSTEM32\DNSAPI.dll
0x00007ffcd8700000 - 0x00007ffcd873b000 	C:\WINDOWS\SYSTEM32\IPHLPAPI.DLL
0x00007ffcdb8f0000 - 0x00007ffcdb8f8000 	C:\WINDOWS\System32\NSI.dll
0x00007ffcca740000 - 0x00007ffcca74a000 	C:\Windows\System32\rasadhlp.dll
0x00007ffccb800000 - 0x00007ffccb880000 	C:\WINDOWS\System32\fwpuclnt.dll
0x00007ffcd9930000 - 0x00007ffcd9957000 	C:\WINDOWS\System32\bcrypt.dll

dbghelp: loaded successfully - version: 4.0.5 - missing functions: none
symbol engine: initialized successfully - sym options: 0x614 - pdb path: .;C:\Users\sachin p\.p2\pool\plugins\org.eclipse.justj.openjdk.hotspot.jre.full.win32.x86_64_17.0.4.v20220903-1038\jre\bin;C:\WINDOWS\SYSTEM32;C:\WINDOWS\WinSxS\amd64_microsoft.windows.common-controls_6595b64144ccf1df_6.0.19041.1110_none_60b5254171f9507e;C:\Users\sachin p\.p2\pool\plugins\org.eclipse.justj.openjdk.hotspot.jre.full.win32.x86_64_17.0.4.v20220903-1038\jre\bin\server

VM Arguments:
jvm_args: -Dfile.encoding=UTF-8 -XX:+ShowCodeDetailsInExceptionMessages 
java_command: test.StoredProsisur
java_class_path (initial): C:\Users\sachin p\eclips-workspace-2\car.jdbc\target\classes;C:\Users\sachin p\.m2\repository\mysql\mysql-connector-java\8.0.28\mysql-connector-java-8.0.28.jar;C:\Users\sachin p\.m2\repository\com\google\protobuf\protobuf-java\3.11.4\protobuf-java-3.11.4.jar
Launcher Type: SUN_STANDARD

[Global flags]
     intx CICompilerCount                          = 3                                         {product} {ergonomic}
     uint ConcGCThreads                            = 1                                         {product} {ergonomic}
     uint G1ConcRefinementThreads                  = 4                                         {product} {ergonomic}
   size_t G1HeapRegionSize                         = 1048576                                   {product} {ergonomic}
    uintx GCDrainStackTargetSize                   = 64                                        {product} {ergonomic}
   size_t InitialHeapSize                          = 134217728                                 {product} {ergonomic}
   size_t MarkStackSize                            = 4194304                                   {product} {ergonomic}
   size_t MaxHeapSize                              = 2118123520                                {product} {ergonomic}
   size_t MaxNewSize                               = 1270874112                                {product} {ergonomic}
   size_t MinHeapDeltaBytes                        = 1048576                                   {product} {ergonomic}
   size_t MinHeapSize                              = 8388608                                   {product} {ergonomic}
    uintx NonNMethodCodeHeapSize                   = 5832780                                {pd product} {ergonomic}
    uintx NonProfiledCodeHeapSize                  = 122912730                              {pd product} {ergonomic}
    uintx ProfiledCodeHeapSize                     = 122912730                              {pd product} {ergonomic}
    uintx ReservedCodeCacheSize                    = 251658240                              {pd product} {ergonomic}
     bool SegmentedCodeCache                       = true                                      {product} {ergonomic}
     bool ShowCodeDetailsInExceptionMessages       = true                                   {manageable} {command line}
   size_t SoftMaxHeapSize                          = 2118123520                             {manageable} {ergonomic}
     bool UseCompressedClassPointers               = true                           {product lp64_product} {ergonomic}
     bool UseCompressedOops                        = true                           {product lp64_product} {ergonomic}
     bool UseG1GC                                  = true                                      {product} {ergonomic}
     bool UseLargePagesIndividualAllocation        = false                                  {pd product} {ergonomic}

Logging:
Log output configuration:
 #0: stdout all=warning uptime,level,tags
 #1: stderr all=off uptime,level,tags

Environment Variables:
PATH=C:/Users/sachin p/.p2/pool/plugins/org.eclipse.justj.openjdk.hotspot.jre.full.win32.x86_64_17.0.4.v20220903-1038/jre/bin/server;C:/Users/sachin p/.p2/pool/plugins/org.eclipse.justj.openjdk.hotspot.jre.full.win32.x86_64_17.0.4.v20220903-1038/jre/bin;C:\Program Files (x86)\Common Files\Oracle\Java\javapath;C:\Program Files (x86)\Intel\iCLS Client\;C:\Program Files\Intel\iCLS Client\;C:\windows\system32;C:\windows;C:\windows\System32\Wbem;C:\windows\System32\WindowsPowerShell\v1.0\;C:\Program Files (x86)\NVIDIA Corporation\PhysX\Common;C:\WINDOWS\system32;C:\WINDOWS;C:\WINDOWS\System32\Wbem;C:\WINDOWS\System32\WindowsPowerShell\v1.0\;C:\Program Files (x86)\Intel\Intel(R) Management Engine Components\DAL;C:\Program Files\Intel\Intel(R) Management Engine Components\DAL;C:\Program Files (x86)\Intel\Intel(R) Management Engine Components\IPT;C:\Program Files\Intel\Intel(R) Management Engine Components\IPT;C:\Program Files\Microsoft SQL Server\120\Tools\Binn\;C:\Program Files\Java\jdk1.8.0_111\bin;C:\Users\sachin p\AppData\Local\Programs\Python\Python36-32;C:\Program Files (x86)\Windows Kits\8.1\Windows Performance Toolkit\;C:\WINDOWS\System32\OpenSSH\;c:\Program Files\Microsoft SQL Server\110\Tools\Binn\;c:\Program Files (x86)\Microsoft SQL Server\110\Tools\Binn\ManagementStudio\;c:\Program Files (x86)\Microsoft SQL Server\110\Tools\Binn\;c:\Program Files (x86)\Microsoft SQL Server\110\DTS\Binn\;C:\Program Files\Intel\WiFi\bin\;C:\Program Files\Common Files\Intel\WirelessCommon\;C:\Program Files\Git\cmd;C:\Program Files (x86)\dotnet\;C:\Program Files\MySQL\MySQL Shell 8.0\bin\;C:\Users\sachin p\AppData\Local\Microsoft\WindowsApps;C:\Program Files\Java\jdk1.8.0_111\bin;C:\Users\sachin p\AppData\Local\Programs\Python\Python36-32;;C:\Users\sachin p\Desktop;
USERNAME=sachin p
OS=Windows_NT
PROCESSOR_IDENTIFIER=Intel64 Family 6 Model 142 Stepping 9, GenuineIntel
TMP=C:\Users\SACHIN~1\AppData\Local\Temp
TEMP=C:\Users\SACHIN~1\AppData\Local\Temp



---------------  S Y S T E M  ---------------

OS:
 Windows 10 , 64 bit Build 19041 (10.0.19041.2364)
OS uptime: 3 days 4:23 hours

CPU: total 4 (initial active 4) (2 cores per cpu, 2 threads per core) family 6 model 142 stepping 9 microcode 0xb4, cx8, cmov, fxsr, ht, mmx, 3dnowpref, sse, sse2, sse3, ssse3, sse4.1, sse4.2, popcnt, lzcnt, tsc, tscinvbit, avx, avx2, aes, erms, clmul, bmi1, bmi2, adx, fma, vzeroupper, clflush, clflushopt

Memory: 4k page, system-wide physical 8077M (1930M free)
TotalPageFile size 9982M (AvailPageFile size 2M)
current process WorkingSet (physical memory assigned to process): 57M, peak: 57M
current process commit charge ("private bytes"): 209M, peak: 210M

vm_info: OpenJDK 64-Bit Server VM (17.0.4.1+1) for windows-amd64 JRE (17.0.4.1+1), built on Aug 17 2022 07:42:43 by "temurin" with MS VC++ 16.7 (VS2019)

END.
